  TriangleDemo.cpp
d:\xprogramgit\dx11practice\libs\directxsdk\include\dxgitype.h(12): warning C4005: “DXGI_STATUS_OCCLUDED”: 宏重定义
  c:\program files (x86)\windows kits\10\include\10.0.17134.0\shared\winerror.h(54723): note: 参见“DXGI_STATUS_OCCLUDED”的前一个定义
d:\xprogramgit\dx11practice\libs\directxsdk\include\dxgitype.h(13): warning C4005: “DXGI_STATUS_CLIPPED”: 宏重定义
  c:\program files (x86)\windows kits\10\include\10.0.17134.0\shared\winerror.h(54732): note: 参见“DXGI_STATUS_CLIPPED”的前一个定义
d:\xprogramgit\dx11practice\libs\directxsdk\include\dxgitype.h(14): warning C4005: “DXGI_STATUS_NO_REDIRECTION”: 宏重定义
  c:\program files (x86)\windows kits\10\include\10.0.17134.0\shared\winerror.h(54741): note: 参见“DXGI_STATUS_NO_REDIRECTION”的前一个定义
d:\xprogramgit\dx11practice\libs\directxsdk\include\dxgitype.h(15): warning C4005: “DXGI_STATUS_NO_DESKTOP_ACCESS”: 宏重定义
  c:\program files (x86)\windows kits\10\include\10.0.17134.0\shared\winerror.h(54750): note: 参见“DXGI_STATUS_NO_DESKTOP_ACCESS”的前一个定义
d:\xprogramgit\dx11practice\libs\directxsdk\include\dxgitype.h(16): warning C4005: “DXGI_STATUS_GRAPHICS_VIDPN_SOURCE_IN_USE”: 宏重定义
  c:\program files (x86)\windows kits\10\include\10.0.17134.0\shared\winerror.h(54759): note: 参见“DXGI_STATUS_GRAPHICS_VIDPN_SOURCE_IN_USE”的前一个定义
d:\xprogramgit\dx11practice\libs\directxsdk\include\dxgitype.h(17): warning C4005: “DXGI_STATUS_MODE_CHANGED”: 宏重定义
  c:\program files (x86)\windows kits\10\include\10.0.17134.0\shared\winerror.h(54768): note: 参见“DXGI_STATUS_MODE_CHANGED”的前一个定义
d:\xprogramgit\dx11practice\libs\directxsdk\include\dxgitype.h(18): warning C4005: “DXGI_STATUS_MODE_CHANGE_IN_PROGRESS”: 宏重定义
  c:\program files (x86)\windows kits\10\include\10.0.17134.0\shared\winerror.h(54777): note: 参见“DXGI_STATUS_MODE_CHANGE_IN_PROGRESS”的前一个定义
d:\xprogramgit\dx11practice\libs\directxsdk\include\dxgitype.h(21): warning C4005: “DXGI_ERROR_INVALID_CALL”: 宏重定义
  c:\program files (x86)\windows kits\10\include\10.0.17134.0\shared\winerror.h(54792): note: 参见“DXGI_ERROR_INVALID_CALL”的前一个定义
d:\xprogramgit\dx11practice\libs\directxsdk\include\dxgitype.h(22): warning C4005: “DXGI_ERROR_NOT_FOUND”: 宏重定义
  c:\program files (x86)\windows kits\10\include\10.0.17134.0\shared\winerror.h(54801): note: 参见“DXGI_ERROR_NOT_FOUND”的前一个定义
d:\xprogramgit\dx11practice\libs\directxsdk\include\dxgitype.h(23): warning C4005: “DXGI_ERROR_MORE_DATA”: 宏重定义
  c:\program files (x86)\windows kits\10\include\10.0.17134.0\shared\winerror.h(54810): note: 参见“DXGI_ERROR_MORE_DATA”的前一个定义
d:\xprogramgit\dx11practice\libs\directxsdk\include\dxgitype.h(24): warning C4005: “DXGI_ERROR_UNSUPPORTED”: 宏重定义
  c:\program files (x86)\windows kits\10\include\10.0.17134.0\shared\winerror.h(54819): note: 参见“DXGI_ERROR_UNSUPPORTED”的前一个定义
d:\xprogramgit\dx11practice\libs\directxsdk\include\dxgitype.h(25): warning C4005: “DXGI_ERROR_DEVICE_REMOVED”: 宏重定义
  c:\program files (x86)\windows kits\10\include\10.0.17134.0\shared\winerror.h(54828): note: 参见“DXGI_ERROR_DEVICE_REMOVED”的前一个定义
d:\xprogramgit\dx11practice\libs\directxsdk\include\dxgitype.h(26): warning C4005: “DXGI_ERROR_DEVICE_HUNG”: 宏重定义
  c:\program files (x86)\windows kits\10\include\10.0.17134.0\shared\winerror.h(54837): note: 参见“DXGI_ERROR_DEVICE_HUNG”的前一个定义
d:\xprogramgit\dx11practice\libs\directxsdk\include\dxgitype.h(27): warning C4005: “DXGI_ERROR_DEVICE_RESET”: 宏重定义
  c:\program files (x86)\windows kits\10\include\10.0.17134.0\shared\winerror.h(54847): note: 参见“DXGI_ERROR_DEVICE_RESET”的前一个定义
d:\xprogramgit\dx11practice\libs\directxsdk\include\dxgitype.h(28): warning C4005: “DXGI_ERROR_WAS_STILL_DRAWING”: 宏重定义
  c:\program files (x86)\windows kits\10\include\10.0.17134.0\shared\winerror.h(54856): note: 参见“DXGI_ERROR_WAS_STILL_DRAWING”的前一个定义
d:\xprogramgit\dx11practice\libs\directxsdk\include\dxgitype.h(29): warning C4005: “DXGI_ERROR_FRAME_STATISTICS_DISJOINT”: 宏重定义
  c:\program files (x86)\windows kits\10\include\10.0.17134.0\shared\winerror.h(54866): note: 参见“DXGI_ERROR_FRAME_STATISTICS_DISJOINT”的前一个定义
d:\xprogramgit\dx11practice\libs\directxsdk\include\dxgitype.h(30): warning C4005: “DXGI_ERROR_GRAPHICS_VIDPN_SOURCE_IN_USE”: 宏重定义
  c:\program files (x86)\windows kits\10\include\10.0.17134.0\shared\winerror.h(54875): note: 参见“DXGI_ERROR_GRAPHICS_VIDPN_SOURCE_IN_USE”的前一个定义
d:\xprogramgit\dx11practice\libs\directxsdk\include\dxgitype.h(31): warning C4005: “DXGI_ERROR_DRIVER_INTERNAL_ERROR”: 宏重定义
  c:\program files (x86)\windows kits\10\include\10.0.17134.0\shared\winerror.h(54885): note: 参见“DXGI_ERROR_DRIVER_INTERNAL_ERROR”的前一个定义
d:\xprogramgit\dx11practice\libs\directxsdk\include\dxgitype.h(32): warning C4005: “DXGI_ERROR_NONEXCLUSIVE”: 宏重定义
  c:\program files (x86)\windows kits\10\include\10.0.17134.0\shared\winerror.h(54894): note: 参见“DXGI_ERROR_NONEXCLUSIVE”的前一个定义
d:\xprogramgit\dx11practice\libs\directxsdk\include\dxgitype.h(33): warning C4005: “DXGI_ERROR_NOT_CURRENTLY_AVAILABLE”: 宏重定义
  c:\program files (x86)\windows kits\10\include\10.0.17134.0\shared\winerror.h(54903): note: 参见“DXGI_ERROR_NOT_CURRENTLY_AVAILABLE”的前一个定义
d:\xprogramgit\dx11practice\libs\directxsdk\include\dxgitype.h(34): warning C4005: “DXGI_ERROR_REMOTE_CLIENT_DISCONNECTED”: 宏重定义
  c:\program files (x86)\windows kits\10\include\10.0.17134.0\shared\winerror.h(54913): note: 参见“DXGI_ERROR_REMOTE_CLIENT_DISCONNECTED”的前一个定义
d:\xprogramgit\dx11practice\libs\directxsdk\include\dxgitype.h(35): warning C4005: “DXGI_ERROR_REMOTE_OUTOFMEMORY”: 宏重定义
  c:\program files (x86)\windows kits\10\include\10.0.17134.0\shared\winerror.h(54922): note: 参见“DXGI_ERROR_REMOTE_OUTOFMEMORY”的前一个定义
d:\xprogramgit\dx11practice\libs\directxsdk\include\d3d11.h(917): warning C4005: “D3D11_ERROR_TOO_MANY_UNIQUE_STATE_OBJECTS”: 宏重定义
  c:\program files (x86)\windows kits\10\include\10.0.17134.0\shared\winerror.h(55186): note: 参见“D3D11_ERROR_TOO_MANY_UNIQUE_STATE_OBJECTS”的前一个定义
d:\xprogramgit\dx11practice\libs\directxsdk\include\d3d11.h(918): warning C4005: “D3D11_ERROR_FILE_NOT_FOUND”: 宏重定义
  c:\program files (x86)\windows kits\10\include\10.0.17134.0\shared\winerror.h(55195): note: 参见“D3D11_ERROR_FILE_NOT_FOUND”的前一个定义
d:\xprogramgit\dx11practice\libs\directxsdk\include\d3d11.h(919): warning C4005: “D3D11_ERROR_TOO_MANY_UNIQUE_VIEW_OBJECTS”: 宏重定义
  c:\program files (x86)\windows kits\10\include\10.0.17134.0\shared\winerror.h(55205): note: 参见“D3D11_ERROR_TOO_MANY_UNIQUE_VIEW_OBJECTS”的前一个定义
d:\xprogramgit\dx11practice\libs\directxsdk\include\d3d11.h(920): warning C4005: “D3D11_ERROR_DEFERRED_CONTEXT_MAP_WITHOUT_INITIAL_DISCARD”: 宏重定义
  c:\program files (x86)\windows kits\10\include\10.0.17134.0\shared\winerror.h(55214): note: 参见“D3D11_ERROR_DEFERRED_CONTEXT_MAP_WITHOUT_INITIAL_DISCARD”的前一个定义
d:\xprogramgit\dx11practice\libs\directxsdk\include\d3d10.h(608): warning C4005: “D3D10_ERROR_TOO_MANY_UNIQUE_STATE_OBJECTS”: 宏重定义
  c:\program files (x86)\windows kits\10\include\10.0.17134.0\shared\winerror.h(55162): note: 参见“D3D10_ERROR_TOO_MANY_UNIQUE_STATE_OBJECTS”的前一个定义
d:\xprogramgit\dx11practice\libs\directxsdk\include\d3d10.h(609): warning C4005: “D3D10_ERROR_FILE_NOT_FOUND”: 宏重定义
  c:\program files (x86)\windows kits\10\include\10.0.17134.0\shared\winerror.h(55171): note: 参见“D3D10_ERROR_FILE_NOT_FOUND”的前一个定义
d:\xprogramgit\dx11practice\libs\directxsdk\include\xnamath.h(2662): warning C4838: 从“unsigned int”转换到“INT”需要收缩转换
d:\xprogramgit\dx11practice\libs\directxsdk\include\xnamath.h(2663): warning C4838: 从“unsigned int”转换到“INT”需要收缩转换
d:\xprogramgit\dx11practice\libs\directxsdk\include\xnamath.h(2664): warning C4838: 从“unsigned int”转换到“INT”需要收缩转换
d:\xprogramgit\dx11practice\libs\directxsdk\include\xnamath.h(2665): warning C4838: 从“unsigned int”转换到“INT”需要收缩转换
d:\xprogramgit\dx11practice\libs\directxsdk\include\xnamath.h(2666): warning C4838: 从“unsigned int”转换到“INT”需要收缩转换
d:\xprogramgit\dx11practice\libs\directxsdk\include\xnamath.h(2667): warning C4838: 从“unsigned int”转换到“INT”需要收缩转换
d:\xprogramgit\dx11practice\libs\directxsdk\include\xnamath.h(2668): warning C4838: 从“unsigned int”转换到“INT”需要收缩转换
d:\xprogramgit\dx11practice\libs\directxsdk\include\xnamath.h(2689): warning C4838: 从“unsigned int”转换到“INT”需要收缩转换
d:\xprogramgit\dx11practice\libs\directxsdk\include\xnamath.h(2690): warning C4838: 从“unsigned int”转换到“INT”需要收缩转换
d:\xprogramgit\dx11practice\libs\directxsdk\include\xnamath.h(2691): warning C4838: 从“unsigned int”转换到“INT”需要收缩转换
d:\xprogramgit\dx11practice\libs\directxsdk\include\xnamath.h(2694): warning C4838: 从“unsigned int”转换到“INT”需要收缩转换
d:\xprogramgit\dx11practice\libs\directxsdk\include\xnamath.h(2695): warning C4838: 从“unsigned int”转换到“INT”需要收缩转换
d:\xprogramgit\dx11practice\libs\directxsdk\include\xnamath.h(2698): warning C4838: 从“unsigned int”转换到“INT”需要收缩转换
d:\xprogramgit\dx11practice\libs\directxsdk\include\xnamath.h(2702): warning C4838: 从“unsigned int”转换到“INT”需要收缩转换
d:\xprogramgit\dx11practice\libs\directxsdk\include\xnamath.h(2712): warning C4838: 从“unsigned int”转换到“INT”需要收缩转换
d:\xprogramgit\dx11practice\libs\directxsdk\include\xnamath.h(2713): warning C4838: 从“unsigned int”转换到“INT”需要收缩转换
d:\xprogramgit\dx11practice\libs\directxsdk\include\xnamath.h(2715): warning C4838: 从“unsigned int”转换到“INT”需要收缩转换
d:\xprogramgit\dx11practice\libs\directxsdk\include\xnamath.h(2716): warning C4838: 从“unsigned int”转换到“INT”需要收缩转换
d:\xprogramgit\dx11practice\libs\directxsdk\include\xnamath.h(2717): warning C4838: 从“unsigned int”转换到“INT”需要收缩转换
d:\xprogramgit\dx11practice\libs\directxsdk\include\xnamath.h(2727): warning C4838: 从“unsigned int”转换到“INT”需要收缩转换
d:\xprogramgit\dx11practice\libs\directxsdk\include\xnamath.h(2728): warning C4838: 从“unsigned int”转换到“INT”需要收缩转换
d:\xprogramgit\dx11practice\libs\directxsdk\include\xnamath.h(2729): warning C4838: 从“unsigned int”转换到“INT”需要收缩转换
d:\xprogramgit\dx11practice\libs\directxsdk\include\xnamath.h(2730): warning C4838: 从“unsigned int”转换到“INT”需要收缩转换
d:\xprogramgit\dx11practice\libs\directxsdk\include\xnamath.h(2731): warning C4838: 从“unsigned int”转换到“INT”需要收缩转换
d:\xprogramgit\dx11practice\libs\directxsdk\include\xnamath.h(2732): warning C4838: 从“unsigned int”转换到“INT”需要收缩转换
d:\xprogramgit\dx11practice\libs\directxsdk\include\xnamath.h(2742): warning C4838: 从“unsigned int”转换到“INT”需要收缩转换
d:\xprogramgit\dx11practice\libs\directxsdk\include\xnamath.h(2743): warning C4838: 从“unsigned int”转换到“INT”需要收缩转换
d:\xprogramgit\dx11practice\libs\directxsdk\include\xnamath.h(2754): warning C4838: 从“unsigned int”转换到“INT”需要收缩转换
d:\xprogramgit\dx11practice\libs\directxsdk\include\xnamathconvert.inl(2254): warning C4838: 从“unsigned int”转换到“INT”需要收缩转换
d:\xprogramgit\dx11practice\libs\directxsdk\include\xnamathconvert.inl(4523): warning C4838: 从“unsigned int”转换到“INT”需要收缩转换
d:\xprogramgit\dx11practice\libs\directxsdk\include\xnamathconvert.inl(4577): warning C4838: 从“unsigned int”转换到“INT”需要收缩转换
d:\xprogramgit\dx11practice\libs\directxsdk\include\xnamathconvert.inl(4639): warning C4838: 从“unsigned int”转换到“INT”需要收缩转换
d:\xprogramgit\dx11practice\libs\directxsdk\include\xnamathconvert.inl(4707): warning C4838: 从“unsigned int”转换到“INT”需要收缩转换
d:\xprogramgit\dx11practice\libs\directxsdk\include\xnamathconvert.inl(4770): warning C4838: 从“unsigned int”转换到“INT”需要收缩转换
d:\xprogramgit\dx11practice\libs\directxsdk\include\xnamathconvert.inl(4832): warning C4838: 从“unsigned int”转换到“INT”需要收缩转换
d:\xprogramgit\dx11practice\libs\directxsdk\include\xnamathvector.inl(1269): warning C4838: 从“unsigned int”转换到“INT”需要收缩转换
d:\xprogramgit\dx11practice\libs\directxsdk\include\xnamathmisc.inl(518): warning C4838: 从“unsigned int”转换到“INT”需要收缩转换
d:\xprogramgit\dx11practice\libs\directxsdk\include\xnamathmisc.inl(519): warning C4838: 从“unsigned int”转换到“INT”需要收缩转换
  dx11practice.vcxproj -> D:\xProgramGit\DX11Practice\dx11Solution1\dx11practice\dx11practice.exe
